2025-03-02 18:17:04,528 - INFO - ===================================
2025-03-02 18:17:04,529 - INFO - Debut du traitement du fichier CSV
2025-03-02 18:17:04,529 - INFO - ===================================
2025-03-02 18:17:04,529 - INFO - Chargement du fichier CSV...
2025-03-02 18:17:04,539 - INFO - Fichier CSV chargé avec succès.
2025-03-02 18:17:04,542 - INFO - Valeurs manquantes avant suppression :
nom       0
prenom    0
email     0
age       4
pays      2
dtype: int64
2025-03-02 18:17:04,543 - INFO - Suppression des doublons...
2025-03-02 18:17:04,546 - INFO - Suppression des lignes avec des valeurs manquantes...
2025-03-02 18:17:04,549 - INFO - Validation des adresses email...
2025-03-02 18:17:04,554 - INFO - Filtrage des lignes avec des emails valides...
2025-03-02 18:17:04,555 - INFO - Verification et conversion de l'age...
2025-03-02 18:17:04,560 - INFO - Enregistrement du DataFrame dans un nouveau fichier CSV...
2025-03-02 18:17:04,566 - INFO - Les données ont été enregistrées dans 'C:\Users\Shonan\Desktop\MyDataEngineerProject\myproject_miniCRM_startup\newdataset_startup.csv'.
2025-03-02 18:17:04,580 - INFO - Les données ont été insérées dans la base de données utilisateurs.db.
2025-03-02 18:17:04,580 - INFO - ===================================
2025-03-02 18:17:04,580 - INFO - Traitement du fichier CSV terminé
2025-03-02 18:17:04,580 - INFO - ===================================
2025-03-02 18:18:40,149 - INFO - ===================================
2025-03-02 18:18:40,150 - INFO - Debut du traitement du fichier CSV
2025-03-02 18:18:40,150 - INFO - ===================================
2025-03-02 18:18:40,150 - INFO - Chargement du fichier CSV...
2025-03-02 18:18:40,159 - INFO - Fichier CSV charge avec succès.
2025-03-02 18:18:40,163 - INFO - Valeurs manquantes avant suppression :
nom       0
prenom    0
email     0
age       4
pays      2
dtype: int64
2025-03-02 18:18:40,163 - INFO - Suppression des doublons...
2025-03-02 18:18:40,167 - INFO - Suppression des lignes avec des valeurs manquantes...
2025-03-02 18:18:40,170 - INFO - Validation des adresses email...
2025-03-02 18:18:40,175 - INFO - Filtrage des lignes avec des emails valides...
2025-03-02 18:18:40,176 - INFO - Verification et conversion de l'age...
2025-03-02 18:18:40,181 - INFO - Enregistrement du DataFrame dans un nouveau fichier CSV...
2025-03-02 18:18:40,188 - INFO - Les donnees ont ete enregistrées dans 'C:\Users\Shonan\Desktop\MyDataEngineerProject\myproject_miniCRM_startup\newdataset_startup.csv'.
2025-03-02 18:18:40,199 - INFO - Les donnees ont été inserees dans la base de donnees utilisateurs.db.
2025-03-02 18:18:40,200 - INFO - ===================================
2025-03-02 18:18:40,200 - INFO - Traitement du fichier CSV terminé
2025-03-02 18:18:40,200 - INFO - ===================================
2025-03-02 19:39:49,756 - INFO - ===================================
2025-03-02 19:39:49,757 - INFO - Debut du traitement du fichier CSV
2025-03-02 19:39:49,757 - INFO - ===================================
2025-03-02 19:39:49,758 - INFO - Chargement du fichier CSV...
2025-03-02 19:39:49,778 - INFO - Fichier CSV charge avec succès.
2025-03-02 19:39:49,782 - INFO - Valeurs manquantes avant suppression :
nom       0
prenom    0
email     0
age       4
pays      2
dtype: int64
2025-03-02 19:39:49,782 - INFO - Suppression des doublons...
2025-03-02 19:39:49,786 - INFO - Suppression des lignes avec des valeurs manquantes...
2025-03-02 19:39:49,789 - INFO - Validation des adresses email...
2025-03-02 19:39:49,794 - INFO - Filtrage des lignes avec des emails valides...
2025-03-02 19:39:49,795 - INFO - Verification et conversion de l'age...
2025-03-02 19:39:49,801 - INFO - Enregistrement du DataFrame dans un nouveau fichier CSV...
2025-03-02 19:39:49,807 - INFO - Les donnees ont ete enregistrées dans 'C:\Users\Shonan\Desktop\MyDataEngineerProject\myproject_miniCRM_startup\newdataset_startup.csv'.
2025-03-02 19:39:49,821 - INFO - Les donnees ont ete inserees dans la base de donnees utilisateurs.db.
2025-03-02 19:39:49,821 - INFO - ===================================
2025-03-02 19:39:49,821 - INFO - Traitement du fichier CSV terminé
2025-03-02 19:39:49,821 - INFO - ===================================
2025-03-02 19:39:53,118 - INFO - ===================================
2025-03-02 19:39:53,119 - INFO - Debut du traitement du fichier CSV
2025-03-02 19:39:53,119 - INFO - ===================================
2025-03-02 19:39:53,119 - INFO - Chargement du fichier CSV...
2025-03-02 19:39:53,128 - INFO - Fichier CSV charge avec succès.
2025-03-02 19:39:53,131 - INFO - Valeurs manquantes avant suppression :
nom       0
prenom    0
email     0
age       4
pays      2
dtype: int64
2025-03-02 19:39:53,131 - INFO - Suppression des doublons...
2025-03-02 19:39:53,135 - INFO - Suppression des lignes avec des valeurs manquantes...
2025-03-02 19:39:53,138 - INFO - Validation des adresses email...
2025-03-02 19:39:53,144 - INFO - Filtrage des lignes avec des emails valides...
2025-03-02 19:39:53,144 - INFO - Verification et conversion de l'age...
2025-03-02 19:39:53,150 - INFO - Enregistrement du DataFrame dans un nouveau fichier CSV...
2025-03-02 19:39:53,156 - INFO - Les donnees ont ete enregistrées dans 'C:\Users\Shonan\Desktop\MyDataEngineerProject\myproject_miniCRM_startup\newdataset_startup.csv'.
2025-03-02 19:39:53,171 - INFO - Les donnees ont ete inserees dans la base de donnees utilisateurs.db.
2025-03-02 19:39:53,171 - INFO - ===================================
2025-03-02 19:39:53,171 - INFO - Traitement du fichier CSV terminé
2025-03-02 19:39:53,171 - INFO - ===================================
